#
# There is insufficient memory for the Java Runtime Environment to continue.
# Native memory allocation (malloc) failed to allocate 1048576 bytes for AllocateHeap
# Possible reasons:
#   The system is out of physical RAM or swap space
#   The process is running with CompressedOops enabled, and the Java Heap may be blocking the growth of the native heap
# Possible solutions:
#   Reduce memory load on the system
#   Increase physical memory or swap space
#   Check if swap backing store is full
#   Decrease Java heap size (-Xmx/-Xms)
#   Decrease number of Java threads
#   Decrease Java thread stack sizes (-Xss)
#   Set larger code cache with -XX:ReservedCodeCacheSize=
#   JVM is running with Unscaled Compressed Oops mode in which the Java heap is
#     placed in the first 4GB address space. The Java Heap base address is the
#     maximum limit for the native heap growth. Please use -XX:HeapBaseMinAddress
#     to set the Java Heap base and to place the Java Heap above 4GB virtual address.
# This output file may be truncated or incomplete.
#
#  Out of Memory Error (allocation.cpp:44), pid=15576, tid=5956
#
# JRE version:  (16.0.2+7) (build )
# Java VM: OpenJDK 64-Bit Server VM (16.0.2+7-67, mixed mode, sharing, tiered, compressed oops, compressed class ptrs, g1 gc, windows-amd64)
# No core dump will be written. Minidumps are not enabled by default on client versions of Windows
#

---------------  S U M M A R Y ------------

Command Line: -Dfile.encoding=Cp1252 -XX:+ShowCodeDetailsInExceptionMessages br.com.generation.GenMain

Host: Intel(R) Core(TM) i5-8265U CPU @ 1.60GHz, 8 cores, 7G,  Windows 10 , 64 bit Build 19041 (10.0.19041.1023)
Time: Mon Aug  9 21:05:47 2021 SA Eastern Standard Time elapsed time: 0.006189 seconds (0d 0h 0m 0s)

---------------  T H R E A D  ---------------

Current thread (0x000002188c38a160):  JavaThread "Unknown thread" [_thread_in_vm, id=5956, stack(0x000000f666e00000,0x000000f666f00000)]

Stack: [0x000000f666e00000,0x000000f666f00000]
Native frames: (J=compiled Java code, j=interpreted, Vv=VM code, C=native code)
V  [jvm.dll+0x6681ca]
V  [jvm.dll+0x7c9e69]
V  [jvm.dll+0x7cb61e]
V  [jvm.dll+0x7cbc73]
V  [jvm.dll+0x242c55]
V  [jvm.dll+0xa8732]
V  [jvm.dll+0x2ce354]
V  [jvm.dll+0x79c70c]
V  [jvm.dll+0x360791]
V  [jvm.dll+0x77a3f0]
V  [jvm.dll+0x3e4e8f]
V  [jvm.dll+0x3e6961]
C  [jli.dll+0x52fb]
C  [ucrtbase.dll+0x21bb2]
C  [KERNEL32.DLL+0x17034]
C  [ntdll.dll+0x52651]


---------------  P R O C E S S  ---------------

Threads class SMR info:
_java_thread_list=0x00007ffb656ccbb8, length=0, elements={
}

Java Threads: ( => current thread )

Other Threads:

=>0x000002188c38a160 (exited) JavaThread "Unknown thread" [_thread_in_vm, id=5956, stack(0x000000f666e00000,0x000000f666f00000)]

Threads with active compile tasks:

VM state: not at safepoint (not fully initialized)

VM Mutex/Monitor currently owned by a thread: None

Heap address: 0x0000000000000000, size: 0 MB, Compressed Oops mode: 32-bit

CDS archive(s) mapped at: [0x0000000000000000-0x0000000000000000-0x0000000000000000), size 0, SharedBaseAddress: 0x0000000800000000, ArchiveRelocationMode: 0.
Narrow klass base: 0x0000000000000000, Narrow klass shift: 0, Narrow klass range: 0x0

GC Precious Log:
<Empty>

GC Heap History (0 events):
No events

Deoptimization events (0 events):
No events

Classes unloaded (0 events):
No events

Classes redefined (0 events):
No events

Internal exceptions (0 events):
No events

Events (1 events):
Event: 0.004 Loaded shared library C:\Users\marcu\.p2\pool\plugins\org.eclipse.justj.openjdk.hotspot.jre.full.win32.x86_64_16.0.2.v20210721-1149\jre\bin\java.dll


Dynamic libraries:
0x00007ff6d5d80000 - 0x00007ff6d5d8e000 	C:\Users\marcu\.p2\pool\plugins\org.eclipse.justj.openjdk.hotspot.jre.full.win32.x86_64_16.0.2.v20210721-1149\jre\bin\javaw.exe
0x00007ffba1e10000 - 0x00007ffba2005000 	C:\WINDOWS\SYSTEM32\ntdll.dll
0x00007ffba12d0000 - 0x00007ffba138d000 	C:\WINDOWS\System32\KERNEL32.DLL
0x00007ffb9fb60000 - 0x00007ffb9fe29000 	C:\WINDOWS\System32\KERNELBASE.dll
0x00007ffb9fa60000 - 0x00007ffb9fb60000 	C:\WINDOWS\System32\ucrtbase.dll
0x00007ffb82530000 - 0x00007ffb82549000 	C:\Users\marcu\.p2\pool\plugins\org.eclipse.justj.openjdk.hotspot.jre.full.win32.x86_64_16.0.2.v20210721-1149\jre\bin\VCRUNTIME140.dll
0x00007ffb85150000 - 0x00007ffb85168000 	C:\Users\marcu\.p2\pool\plugins\org.eclipse.justj.openjdk.hotspot.jre.full.win32.x86_64_16.0.2.v20210721-1149\jre\bin\jli.dll
0x00007ffba1850000 - 0x00007ffba19f0000 	C:\WINDOWS\System32\USER32.dll
0x00007ffb9f940000 - 0x00007ffb9f962000 	C:\WINDOWS\System32\win32u.dll
0x00007ffb83520000 - 0x00007ffb837ba000 	C:\WINDOWS\WinSxS\amd64_microsoft.windows.common-controls_6595b64144ccf1df_6.0.19041.1110_none_60b5254171f9507e\COMCTL32.dll
0x00007ffb9ffa0000 - 0x00007ffb9ffca000 	C:\WINDOWS\System32\GDI32.dll
0x00007ffba11d0000 - 0x00007ffba126e000 	C:\WINDOWS\System32\msvcrt.dll
0x00007ffb9f830000 - 0x00007ffb9f93b000 	C:\WINDOWS\System32\gdi32full.dll
0x00007ffb9f760000 - 0x00007ffb9f7fd000 	C:\WINDOWS\System32\msvcp_win.dll
0x00007ffba0a80000 - 0x00007ffba0ab0000 	C:\WINDOWS\System32\IMM32.DLL
0x00007ffb82520000 - 0x00007ffb8252c000 	C:\Users\marcu\.p2\pool\plugins\org.eclipse.justj.openjdk.hotspot.jre.full.win32.x86_64_16.0.2.v20210721-1149\jre\bin\vcruntime140_1.dll
0x00007ffb6c670000 - 0x00007ffb6c701000 	C:\Users\marcu\.p2\pool\plugins\org.eclipse.justj.openjdk.hotspot.jre.full.win32.x86_64_16.0.2.v20210721-1149\jre\bin\msvcp140.dll
0x00007ffb64bc0000 - 0x00007ffb6576b000 	C:\Users\marcu\.p2\pool\plugins\org.eclipse.justj.openjdk.hotspot.jre.full.win32.x86_64_16.0.2.v20210721-1149\jre\bin\server\jvm.dll
0x00007ffba0160000 - 0x00007ffba020c000 	C:\WINDOWS\System32\ADVAPI32.dll
0x00007ffba1390000 - 0x00007ffba142b000 	C:\WINDOWS\System32\sechost.dll
0x00007ffba0210000 - 0x00007ffba033a000 	C:\WINDOWS\System32\RPCRT4.dll
0x00007ffba11c0000 - 0x00007ffba11c8000 	C:\WINDOWS\System32\PSAPI.DLL
0x00007ffb89250000 - 0x00007ffb89277000 	C:\WINDOWS\SYSTEM32\WINMM.dll
0x00007ffb96660000 - 0x00007ffb96669000 	C:\WINDOWS\SYSTEM32\WSOCK32.dll
0x00007ffb948d0000 - 0x00007ffb948da000 	C:\WINDOWS\SYSTEM32\VERSION.dll
0x00007ffba1600000 - 0x00007ffba166b000 	C:\WINDOWS\System32\WS2_32.dll
0x00007ffb9de20000 - 0x00007ffb9de32000 	C:\WINDOWS\SYSTEM32\kernel.appcore.dll
0x00007ffb95f70000 - 0x00007ffb95f7a000 	C:\Users\marcu\.p2\pool\plugins\org.eclipse.justj.openjdk.hotspot.jre.full.win32.x86_64_16.0.2.v20210721-1149\jre\bin\jimage.dll
0x00007ffb9a2f0000 - 0x00007ffb9a4d4000 	C:\WINDOWS\SYSTEM32\DBGHELP.DLL
0x00007ffb86dd0000 - 0x00007ffb86dfc000 	C:\WINDOWS\SYSTEM32\dbgcore.DLL
0x00007ffb9f970000 - 0x00007ffb9f9f3000 	C:\WINDOWS\System32\bcryptPrimitives.dll
0x00007ffb95d30000 - 0x00007ffb95d55000 	C:\Users\marcu\.p2\pool\plugins\org.eclipse.justj.openjdk.hotspot.jre.full.win32.x86_64_16.0.2.v20210721-1149\jre\bin\java.dll

dbghelp: loaded successfully - version: 4.0.5 - missing functions: none
symbol engine: initialized successfully - sym options: 0x614 - pdb path: .;C:\Users\marcu\.p2\pool\plugins\org.eclipse.justj.openjdk.hotspot.jre.full.win32.x86_64_16.0.2.v20210721-1149\jre\bin;C:\WINDOWS\SYSTEM32;C:\WINDOWS\WinSxS\amd64_microsoft.windows.common-controls_6595b64144ccf1df_6.0.19041.1110_none_60b5254171f9507e;C:\Users\marcu\.p2\pool\plugins\org.eclipse.justj.openjdk.hotspot.jre.full.win32.x86_64_16.0.2.v20210721-1149\jre\bin\server

VM Arguments:
jvm_args: -Dfile.encoding=Cp1252 -XX:+ShowCodeDetailsInExceptionMessages 
java_command: br.com.generation.GenMain
java_class_path (initial): C:\Users\marcu\eclipse-workspace\GenBank\bin
Launcher Type: SUN_STANDARD

[Global flags]
     intx CICompilerCount                          = 4                                         {product} {ergonomic}
     uint ConcGCThreads                            = 2                                         {product} {ergonomic}
     uint G1ConcRefinementThreads                  = 8                                         {product} {ergonomic}
   size_t G1HeapRegionSize                         = 1048576                                   {product} {ergonomic}
    uintx GCDrainStackTargetSize                   = 64                                        {product} {ergonomic}
   size_t InitialHeapSize                          = 132120576                                 {product} {ergonomic}
   size_t MarkStackSize                            = 4194304                                   {product} {ergonomic}
   size_t MaxHeapSize                              = 2109734912                                {product} {ergonomic}
   size_t MinHeapDeltaBytes                        = 1048576                                   {product} {ergonomic}
   size_t MinHeapSize                              = 8388608                                   {product} {ergonomic}
    uintx NonNMethodCodeHeapSize                   = 5839372                                {pd product} {ergonomic}
    uintx NonProfiledCodeHeapSize                  = 122909434                              {pd product} {ergonomic}
    uintx ProfiledCodeHeapSize                     = 122909434                              {pd product} {ergonomic}
    uintx ReservedCodeCacheSize                    = 251658240                              {pd product} {ergonomic}
     bool SegmentedCodeCache                       = true                                      {product} {ergonomic}
     bool ShowCodeDetailsInExceptionMessages       = true                                   {manageable} {command line}
   size_t SoftMaxHeapSize                          = 2109734912                             {manageable} {ergonomic}
     bool UseCompressedClassPointers               = true                           {product lp64_product} {ergonomic}
     bool UseCompressedOops                        = true                           {product lp64_product} {ergonomic}
     bool UseG1GC                                  = true                                      {product} {ergonomic}
     bool UseLargePagesIndividualAllocation        = false                                  {pd product} {ergonomic}

Logging:
Log output configuration:
 #0: stdout all=warning uptime,level,tags
 #1: stderr all=off uptime,level,tags

Environment Variables:
JAVA_HOME=C:\Program Files\Java\jdk
PATH=C:/Users/marcu/.p2/pool/plugins/org.eclipse.justj.openjdk.hotspot.jre.full.win32.x86_64_16.0.2.v20210721-1149/jre/bin/server;C:/Users/marcu/.p2/pool/plugins/org.eclipse.justj.openjdk.hotspot.jre.full.win32.x86_64_16.0.2.v20210721-1149/jre/bin;C:\Program Files (x86)\Common Files\Oracle\Java\javapath;"C:\Program Files (x86)\Common Files\Oracle\Java\javapath\;C:\Program Files\Java\jdk\bin;C:\Program Files\Java\jre\bin";C:\Windows\system32;C:\Windows;C:\Windows\System32\Wbem;"C:\Windows\System32\WindowsPowerShell\v1.0\;C:\Program Files\MongoDB\Server\4.4\bin";C:\Windows\System32\OpenSSH\;C:\Program Files (x86)\NVIDIA Corporation\PhysX\Common;C:\WINDOWS\system32;C:\WINDOWS;C:\WINDOWS\System32\Wbem;C:\WINDOWS\System32\WindowsPowerShell\v1.0\;C:\WINDOWS\System32\OpenSSH\;C:\Program Files\dotnet\;C:\Program Files\Microsoft SQL Server\Client SDK\ODBC\170\Tools\Binn\;C:\Program Files\nodejs\;C:\Program Files\Git\cmd;C:\Program Files (x86)\Microsoft SQL Server\150\Tools\Binn\;C:\Program Files\Microsoft SQL Server\150\Tools\Binn\;C:\Program Files\Microsoft SQL Server\150\DTS\Binn\;C:\Program Files (x86)\Microsoft SQL Server\150\DTS\Binn\;C:\Program Files\Azure Data Studio\bin;C:\Program Files\Gradle\gradle-7.0\bin;C:\Program Files\Maven\apache-maven-3.8.1\bin;C:\Program Files\Java\jdk-11.0.11\bin;;C:\Program Files\Docker\Docker\resources\bin;C:\ProgramData\DockerDesktop\version-bin;C:\ProgramData\UNIVALI\Portugol Studio;C:\Program Files (x86)\dotnet\;C:\Program Files\MySQL\MySQL Shell 8.0\bin\;C:\Users\marcu\AppData\Local\Microsoft\WindowsApps;C:\Users\marcu\.dotnet\tools;C:\Users\marcu\AppData\Local\Programs\Microsoft VS Code\bin;C:\cmder\bin;C:\Users\marcu\AppData\Roaming\npm;C:\Users\marcu\AppData\Local\GitHubDesktop\bin;C:\Program Files\Azure Data Studio\bin;C:\Program Files\JetBrains\IntelliJ IDEA Community Edition 2021.1.1\bin;;C:\Program Files (x86)\GnuWin32\bin;;C:\Users\marcu\OneDrive\Área de Trabalho;
USERNAME=marcu
OS=Windows_NT
PROCESSOR_IDENTIFIER=Intel64 Family 6 Model 142 Stepping 12, GenuineIntel



---------------  S Y S T E M  ---------------

OS:
 Windows 10 , 64 bit Build 19041 (10.0.19041.1023)
OS uptime: 0 days 13:02 hours
Hyper-V role detected

CPU: total 8 (initial active 8) (4 cores per cpu, 2 threads per core) family 6 model 142 stepping 12 microcode 0xb8, cx8, cmov, fxsr, ht, mmx, 3dnowpref, sse, sse2, sse3, ssse3, sse4.1, sse4.2, popcnt, lzcnt, tsc, tscinvbit, avx, avx2, aes, erms, clmul, bmi1, bmi2, adx, fma, vzeroupper, clflush, clflushopt, hv

Memory: 4k page, system-wide physical 8043M (1407M free)
TotalPageFile size 12139M (AvailPageFile size 5M)
current process WorkingSet (physical memory assigned to process): 9M, peak: 9M
current process commit charge ("private bytes"): 17M, peak: 18M

vm_info: OpenJDK 64-Bit Server VM (16.0.2+7-67) for windows-amd64 JRE (16.0.2+7-67), built on Jun  8 2021 23:21:43 by "mach5one" with MS VC++ 16.7 (VS2019)

END.
